<?xml version="1.0" encoding="UTF-8"?>
<testsuite name="com.indianstatescensus.StateCensusAnalyserTest" tests="1" skipped="0" failures="0" errors="0" timestamp="2019-11-29T10:37:09" hostname="admin1-desktop" time="0.008">
  <properties/>
  <testcase name="givenStateCSVFile_whenProper_ReturnTrue" classname="com.indianstatescensus.StateCensusAnalyserTest" time="0.008"/>
  <system-out><![CDATA[]]></system-out>
  <system-err><![CDATA[]]></system-err>
</testsuite>
