<?xml version="1.0" encoding="UTF-8"?>
<testsuite name="com.indianstatescensus.StateCensusAnalyserTest" tests="1" skipped="0" failures="0" errors="0" timestamp="2019-12-02T04:58:33" hostname="admin1-desktop" time="0.005">
  <properties/>
  <testcase name="givenStateCSVFile_whenExtensionIncorrect_ReturnCustomException" classname="com.indianstatescensus.StateCensusAnalyserTest" time="0.005"/>
  <system-out><![CDATA[File Not Found
]]></system-out>
  <system-err><![CDATA[]]></system-err>
</testsuite>
