<?xml version="1.0" encoding="UTF-8"?>
<testsuite name="com.indianstatescensus.StateCensusAnalyserTest" tests="1" skipped="0" failures="0" errors="0" timestamp="2019-12-07T10:29:32" hostname="admin1-desktop" time="0.208">
  <properties/>
  <testcase name="givenStateCensusCSTFileGetDensityMethod_whenProper_ReturnHighestDensityAndSortByDensityWriteIntoJSON" classname="com.indianstatescensus.StateCensusAnalyserTest" time="0.208"/>
  <system-out><![CDATA[]]></system-out>
  <system-err><![CDATA[]]></system-err>
</testsuite>
